[LOG] system_create                            : Header version = 2.03.04. Current version = 2.03.04.
[LOG] Manager::init                            : maxchannels = 256 studioflags = 00000006 flags 00000000 extradriverdata 0000000000000000.
[LOG] SystemI::init                            : Initialize version=20304 (147563), maxchannels=256, flags=0x00020000
[LOG] SystemI::setOutputInternal               : Setting output to 'FMOD WASAPI Output'
[LOG] OutputWASAPI::init                       : Mix Format (WAVEFORMATEX): wFormatTag=0xFFFE, nChannels=2, nSamplesPerSec=44100, nAvgBytesPerSec=352800, nBlockAlign=8, wBitsPerSample=32, cbSize=22.
[LOG] OutputWASAPI::init                       : Mix Format (WAVEFORMATEXTENSIBLE): wValidBitsPerSample=32, dwChannelMask=0x00000003, SubFormat=00000003-0000-0010-8000-00AA00389B71.
[LOG] OutputWASAPI::init                       : Output buffer size: 1880 samples, latency: 0.00ms, period: 10.00ms, DSP buffer: 512 * 4
[LOG] SystemI::init                            : Output requires a sample rate of 44100Hz, resampling will occur.
[LOG] Thread::initThread                       : Init FMOD stream thread. Affinity: 0x4000000000000003, Priority: 0xFFFF7FFB, Stack Size: 98304, Semaphore: No, Sleep Time: 10, Looping: Yes.
[LOG] SystemI::DSPCodecPoolRegister            : register codec pool for pool type 0
[LOG] Thread::initThread                       : Init FMOD mixer thread. Affinity: 0x4000000000000001, Priority: 0xFFFF7FFA, Stack Size: 81920, Semaphore: No, Sleep Time: 0, Looping: Yes.
[LOG] AsyncManager::init                       : manager 000002BD3353F468 isAsync 0 updatePeriod 0.02
[LOG] AsyncManager::init                       : done
[LOG] PlaybackSystem::init                     : 
[LOG] Thread::initThread                       : Init FMOD Studio sample load thread. Affinity: 0x4000000000000003, Priority: 0xFFFF7FFD, Stack Size: 98304, Semaphore: No, Sleep Time: 1, Looping: No.
[LOG] PlaybackSystem::init                     : done
[LOG] Thread::initThread                       : Init FMOD Studio bank load thread. Affinity: 0x4000000000000003, Priority: 0xFFFF7FFD, Stack Size: 98304, Semaphore: No, Sleep Time: 1, Looping: No.
[LOG] Manager::init                            : done.
[LOG] BankLoader::serializeBank                : fileversion = 146, compatVersion = 146 (oldest = 44, newest = 146)
[LOG] BankLoader::serializeBank                : fileversion = 146, compatVersion = 146 (oldest = 44, newest = 146)
[LOG] BankLoader::serializeBank                : fileversion = 146, compatVersion = 146 (oldest = 44, newest = 146)
[LOG] PlaybackSystem::acquireMasterBus         : Setting master channel group format to 6
[LOG] BankLoader::serializeBank                : fileversion = 146, compatVersion = 146 (oldest = 44, newest = 146)
[LOG] BankLoader::serializeBank                : fileversion = 146, compatVersion = 146 (oldest = 44, newest = 146)
[LOG] PlaybackSystem::acquireMasterBus         : Setting master channel group format to 6
[LOG] SystemI::createSoundInternal             : Create name='', mode=0x02000202
[LOG] SystemI::createSoundInternal             : exinfo->cbsize             = 224
[LOG] SystemI::createSoundInternal             : exinfo->length             = 209984
[LOG] SystemI::createSoundInternal             : exinfo->fileoffset         = 16832
[LOG] SystemI::createSoundInternal             : exinfo->numsubsounds       = 1
[LOG] SystemI::createSoundInternal             : exinfo->inclusionlist      = 000000D3BC7FEF78
[LOG] SystemI::createSoundInternal             : exinfo->inclusionlistnum   = 1
[LOG] SystemI::createSoundInternal             : exinfo->suggestedsoundtype = 5
[LOG] SystemI::createSoundInternal             : exinfo->useropen           = 00007FF956E2DF60
[LOG] SystemI::createSoundInternal             : exinfo->userclose          = 00007FF956E2DF20
[LOG] SystemI::createSoundInternal             : exinfo->userread           = 00007FF956E2E040
[LOG] SystemI::createSoundInternal             : exinfo->userseek           = 00007FF956E2E100
[LOG] SystemI::createSoundInternal             : exinfo->fileuserdata       = 000002BD71FF1E48
[LOG] SystemI::createSoundInternal             : exinfo->initialseekpostype = 1
[LOG] SystemI::DSPCodecPoolRegister            : register codec pool for pool type 4
[LOG] SystemI::createSoundInternal             : Sample 0/1: name='Pop sound 11', format=5, channels=2, frequency=48000, lengthbytes=4288, lengthpcm=46285, pcmblocksize=0, loopstart=0, loopend=0, mode=0x00000000, channelmask=0x00000000, channelorder=0, peakvolume=0.710419.
[LOG] SystemI::createSoundInternal             : Create name='', mode=0x02000202
[LOG] SystemI::createSoundInternal             : exinfo->cbsize             = 224
[LOG] SystemI::createSoundInternal             : exinfo->length             = 209984
[LOG] SystemI::createSoundInternal             : exinfo->fileoffset         = 16832
[LOG] SystemI::createSoundInternal             : exinfo->numsubsounds       = 1
[LOG] SystemI::createSoundInternal             : exinfo->inclusionlist      = 000000D3BC7FEF78
[LOG] SystemI::createSoundInternal             : exinfo->inclusionlistnum   = 1
[LOG] SystemI::createSoundInternal             : exinfo->suggestedsoundtype = 5
[LOG] SystemI::createSoundInternal             : exinfo->useropen           = 00007FF956E2DF60
[LOG] SystemI::createSoundInternal             : exinfo->userclose          = 00007FF956E2DF20
[LOG] SystemI::createSoundInternal             : exinfo->userread           = 00007FF956E2E040
[LOG] SystemI::createSoundInternal             : exinfo->userseek           = 00007FF956E2E100
[LOG] SystemI::createSoundInternal             : exinfo->fileuserdata       = 000002BD71FF1E48
[LOG] SystemI::createSoundInternal             : exinfo->initialseekpostype = 1
[LOG] SystemI::DSPCodecPoolRegister            : register codec pool for pool type 4
[LOG] SystemI::createSoundInternal             : Sample 0/1: name='Pop sound 10', format=5, channels=2, frequency=48000, lengthbytes=4096, lengthpcm=46285, pcmblocksize=0, loopstart=0, loopend=0, mode=0x00000000, channelmask=0x00000000, channelorder=0, peakvolume=0.675415.
[LOG] SystemI::createSoundInternal             : Create name='', mode=0x02000202
[LOG] SystemI::createSoundInternal             : exinfo->cbsize             = 224
[LOG] SystemI::createSoundInternal             : exinfo->length             = 209984
[LOG] SystemI::createSoundInternal             : exinfo->fileoffset         = 16832
[LOG] SystemI::createSoundInternal             : exinfo->numsubsounds       = 1
[LOG] SystemI::createSoundInternal             : exinfo->inclusionlist      = 000000D3BC7FEF78
[LOG] SystemI::createSoundInternal             : exinfo->inclusionlistnum   = 1
[LOG] SystemI::createSoundInternal             : exinfo->suggestedsoundtype = 5
[LOG] SystemI::createSoundInternal             : exinfo->useropen           = 00007FF956E2DF60
[LOG] SystemI::createSoundInternal             : exinfo->userclose          = 00007FF956E2DF20
[LOG] SystemI::createSoundInternal             : exinfo->userread           = 00007FF956E2E040
[LOG] SystemI::createSoundInternal             : exinfo->userseek           = 00007FF956E2E100
[LOG] SystemI::createSoundInternal             : exinfo->fileuserdata       = 000002BD71FF1E48
[LOG] SystemI::createSoundInternal             : exinfo->initialseekpostype = 1
[LOG] SystemI::DSPCodecPoolRegister            : register codec pool for pool type 4
[LOG] SystemI::createSoundInternal             : Sample 0/1: name='Pop sound 19', format=5, channels=2, frequency=48000, lengthbytes=5472, lengthpcm=30857, pcmblocksize=0, loopstart=0, loopend=0, mode=0x00000000, channelmask=0x00000000, channelorder=0, peakvolume=0.680328.
[LOG] SoundI::release                          :  (000002BC4A5F5228)
[LOG] SoundI::release                          :     Pop sound 10 (000002BCCC65BF48)
[LOG] SoundI::release                          :  (000002BC4A5F4888)
[LOG] SoundI::release                          :     Pop sound 11 (000002BCCC65C6C8)
[LOG] SoundI::release                          :  (000002BC4A5F4468)
[LOG] SoundI::release                          :     Pop sound 19 (000002BCCC65C9C8)
[LOG] Thread::callback                         : FMOD Studio bank load thread finished.
[LOG] Thread::callback                         : FMOD Studio sample load thread finished.
[LOG] LiveUpdate::release                      : 
[LOG] LiveUpdate::reset                        : Reset connection (reason Disconnected)
[LOG] Thread::callback                         : FMOD stream thread finished.
[LOG] Thread::callback                         : FMOD mixer thread finished.
[LOG] SystemI::closeInternal                   : Closed.
